<?xml version="1.0" encoding="UTF-8"?>
<coverage generated="1590593333717" clover="3.2.0">
  <project timestamp="1590593333717" name="All files">
    <metrics statements="42" coveredstatements="40" conditionals="29" coveredconditionals="21" methods="13" coveredmethods="12" elements="84" coveredelements="73" complexity="0" loc="42" ncloc="42" packages="1" files="3" classes="3"/>
    <file name="createState.js" path="D:\FrontModules\t-store\src\createState.js">
      <metrics statements="24" coveredstatements="23" conditionals="10" coveredconditionals="8" methods="9" coveredmethods="9"/>
      <line num="19" count="6" type="stmt"/>
      <line num="20" count="6" type="stmt"/>
      <line num="23" count="11" type="stmt"/>
      <line num="24" count="11" type="cond" truecount="2" falsecount="0"/>
      <line num="25" count="1" type="stmt"/>
      <line num="28" count="11" type="cond" truecount="2" falsecount="0"/>
      <line num="32" count="5" type="stmt"/>
      <line num="33" count="5" type="stmt"/>
      <line num="34" count="5" type="stmt"/>
      <line num="38" count="4" type="cond" truecount="1" falsecount="1"/>
      <line num="39" count="4" type="stmt"/>
      <line num="41" count="4" type="stmt"/>
      <line num="44" count="0" type="stmt"/>
      <line num="48" count="8" type="stmt"/>
      <line num="49" count="1" type="stmt"/>
      <line num="50" count="1" type="cond" truecount="1" falsecount="1"/>
      <line num="51" count="1" type="stmt"/>
      <line num="57" count="5" type="stmt"/>
      <line num="60" count="6" type="stmt"/>
      <line num="61" count="6" type="cond" truecount="2" falsecount="0"/>
      <line num="62" count="4" type="stmt"/>
      <line num="65" count="4" type="stmt"/>
      <line num="66" count="4" type="stmt"/>
      <line num="69" count="2" type="stmt"/>
    </file>
    <file name="index.js" path="D:\FrontModules\t-store\src\index.js">
      <metrics statements="0" coveredstatements="0" conditionals="0" coveredconditionals="0" methods="0" coveredmethods="0"/>
    </file>
    <file name="utils.js" path="D:\FrontModules\t-store\src\utils.js">
      <metrics statements="18" coveredstatements="17" conditionals="19" coveredconditionals="13" methods="4" coveredmethods="3"/>
      <line num="22" count="10" type="stmt"/>
      <line num="25" count="1" type="stmt"/>
      <line num="34" count="11" type="cond" truecount="3" falsecount="1"/>
      <line num="36" count="11" type="stmt"/>
      <line num="46" count="11" type="cond" truecount="2" falsecount="0"/>
      <line num="47" count="11" type="stmt"/>
      <line num="48" count="11" type="stmt"/>
      <line num="49" count="17" type="cond" truecount="2" falsecount="0"/>
      <line num="50" count="3" type="stmt"/>
      <line num="54" count="11" type="stmt"/>
      <line num="62" count="1" type="cond" truecount="1" falsecount="1"/>
      <line num="63" count="1" type="cond" truecount="1" falsecount="1"/>
      <line num="64" count="1" type="cond" truecount="1" falsecount="1"/>
      <line num="73" count="1" type="stmt"/>
      <line num="75" count="1" type="cond" truecount="1" falsecount="1"/>
      <line num="76" count="1" type="cond" truecount="1" falsecount="1"/>
      <line num="77" count="0" type="stmt"/>
      <line num="80" count="1" type="stmt"/>
    </file>
  </project>
</coverage>
