{"D:\\FrontModules\\t-store\\src\\createState.js": {"path":"D:\\FrontModules\\t-store\\src\\createState.js","statementMap":{"0":{"start":{"line":19,"column":21},"end":{"line":19,"column":43}},"1":{"start":{"line":20,"column":18},"end":{"line":20,"column":20}},"2":{"start":{"line":23,"column":14},"end":{"line":23,"column":18}},"3":{"start":{"line":24,"column":4},"end":{"line":26,"column":5}},"4":{"start":{"line":25,"column":6},"end":{"line":25,"column":31}},"5":{"start":{"line":28,"column":4},"end":{"line":28,"column":34}},"6":{"start":{"line":32,"column":21},"end":{"line":32,"column":33}},"7":{"start":{"line":33,"column":4},"end":{"line":33,"column":38}},"8":{"start":{"line":34,"column":4},"end":{"line":34,"column":35}},"9":{"start":{"line":38,"column":4},"end":{"line":42,"column":5}},"10":{"start":{"line":39,"column":6},"end":{"line":39,"column":30}},"11":{"start":{"line":41,"column":6},"end":{"line":41,"column":34}},"12":{"start":{"line":44,"column":4},"end":{"line":44,"column":16}},"13":{"start":{"line":48,"column":4},"end":{"line":53,"column":5}},"14":{"start":{"line":49,"column":18},"end":{"line":49,"column":45}},"15":{"start":{"line":50,"column":6},"end":{"line":52,"column":7}},"16":{"start":{"line":51,"column":8},"end":{"line":51,"column":33}},"17":{"start":{"line":57,"column":4},"end":{"line":57,"column":41}},"18":{"start":{"line":57,"column":27},"end":{"line":57,"column":39}},"19":{"start":{"line":60,"column":2},"end":{"line":70,"column":3}},"20":{"start":{"line":61,"column":4},"end":{"line":67,"column":5}},"21":{"start":{"line":62,"column":6},"end":{"line":62,"column":26}},"22":{"start":{"line":65,"column":6},"end":{"line":65,"column":29}},"23":{"start":{"line":66,"column":6},"end":{"line":66,"column":70}},"24":{"start":{"line":69,"column":4},"end":{"line":69,"column":45}}},"fnMap":{"0":{"name":"createState","decl":{"start":{"line":18,"column":24},"end":{"line":18,"column":35}},"loc":{"start":{"line":18,"column":50},"end":{"line":71,"column":1}},"line":18},"1":{"name":"getValue","decl":{"start":{"line":22,"column":11},"end":{"line":22,"column":19}},"loc":{"start":{"line":22,"column":23},"end":{"line":29,"column":3}},"line":22},"2":{"name":"update","decl":{"start":{"line":31,"column":11},"end":{"line":31,"column":17}},"loc":{"start":{"line":31,"column":28},"end":{"line":35,"column":3}},"line":31},"3":{"name":"subscribe","decl":{"start":{"line":37,"column":11},"end":{"line":37,"column":20}},"loc":{"start":{"line":37,"column":31},"end":{"line":45,"column":3}},"line":37},"4":{"name":"unSubscribe","decl":{"start":{"line":47,"column":11},"end":{"line":47,"column":22}},"loc":{"start":{"line":47,"column":33},"end":{"line":54,"column":3}},"line":47},"5":{"name":"(anonymous_5)","decl":{"start":{"line":48,"column":11},"end":{"line":48,"column":12}},"loc":{"start":{"line":48,"column":22},"end":{"line":53,"column":5}},"line":48},"6":{"name":"notify","decl":{"start":{"line":56,"column":11},"end":{"line":56,"column":17}},"loc":{"start":{"line":56,"column":29},"end":{"line":58,"column":3}},"line":56},"7":{"name":"(anonymous_7)","decl":{"start":{"line":57,"column":22},"end":{"line":57,"column":23}},"loc":{"start":{"line":57,"column":27},"end":{"line":57,"column":39}},"line":57},"8":{"name":"(anonymous_8)","decl":{"start":{"line":60,"column":9},"end":{"line":60,"column":10}},"loc":{"start":{"line":60,"column":28},"end":{"line":70,"column":3}},"line":60}},"branchMap":{"0":{"loc":{"start":{"line":24,"column":4},"end":{"line":26,"column":5}},"type":"if","locations":[{"start":{"line":24,"column":4},"end":{"line":26,"column":5}},{"start":{"line":24,"column":4},"end":{"line":26,"column":5}}],"line":24},"1":{"loc":{"start":{"line":28,"column":11},"end":{"line":28,"column":33}},"type":"cond-expr","locations":[{"start":{"line":28,"column":26},"end":{"line":28,"column":27}},{"start":{"line":28,"column":30},"end":{"line":28,"column":33}}],"line":28},"2":{"loc":{"start":{"line":38,"column":4},"end":{"line":42,"column":5}},"type":"if","locations":[{"start":{"line":38,"column":4},"end":{"line":42,"column":5}},{"start":{"line":38,"column":4},"end":{"line":42,"column":5}}],"line":38},"3":{"loc":{"start":{"line":50,"column":6},"end":{"line":52,"column":7}},"type":"if","locations":[{"start":{"line":50,"column":6},"end":{"line":52,"column":7}},{"start":{"line":50,"column":6},"end":{"line":52,"column":7}}],"line":50},"4":{"loc":{"start":{"line":61,"column":4},"end":{"line":67,"column":5}},"type":"if","locations":[{"start":{"line":61,"column":4},"end":{"line":67,"column":5}},{"start":{"line":61,"column":4},"end":{"line":67,"column":5}}],"line":61}},"s":{"0":6,"1":6,"2":11,"3":11,"4":1,"5":11,"6":5,"7":5,"8":5,"9":4,"10":4,"11":4,"12":0,"13":8,"14":1,"15":1,"16":1,"17":5,"18":4,"19":6,"20":6,"21":4,"22":4,"23":4,"24":2},"f":{"0":6,"1":11,"2":5,"3":4,"4":8,"5":1,"6":5,"7":4,"8":6},"b":{"0":[1,10],"1":[10,1],"2":[4,0],"3":[1,0],"4":[4,2]},"_coverageSchema":"43e27e138ebf9cfc5966b082cf9a028302ed4184","hash":"5a48074c8c4a9f7bda303be341126c5dbf658070"}
,"D:\\FrontModules\\t-store\\src\\index.js": {"path":"D:\\FrontModules\\t-store\\src\\index.js","statementMap":{},"fnMap":{},"branchMap":{},"s":{},"f":{},"b":{},"_coverageSchema":"43e27e138ebf9cfc5966b082cf9a028302ed4184","hash":"449f7dcf0346ffdc715bd7b030c307a4576fbe6b"}
,"D:\\FrontModules\\t-store\\src\\utils.js": {"path":"D:\\FrontModules\\t-store\\src\\utils.js","statementMap":{"0":{"start":{"line":22,"column":34},"end":{"line":22,"column":65}},"1":{"start":{"line":25,"column":25},"end":{"line":25,"column":35}},"2":{"start":{"line":34,"column":2},"end":{"line":34,"column":48}},"3":{"start":{"line":34,"column":35},"end":{"line":34,"column":48}},"4":{"start":{"line":36,"column":21},"end":{"line":44,"column":3}},"5":{"start":{"line":46,"column":16},"end":{"line":46,"column":66}},"6":{"start":{"line":47,"column":14},"end":{"line":47,"column":15}},"7":{"start":{"line":48,"column":2},"end":{"line":52,"column":3}},"8":{"start":{"line":49,"column":4},"end":{"line":51,"column":5}},"9":{"start":{"line":50,"column":6},"end":{"line":50,"column":17}},"10":{"start":{"line":54,"column":2},"end":{"line":54,"column":22}},"11":{"start":{"line":62,"column":29},"end":{"line":62,"column":36}},"12":{"start":{"line":63,"column":18},"end":{"line":63,"column":34}},"13":{"start":{"line":64,"column":2},"end":{"line":64,"column":41}},"14":{"start":{"line":64,"column":29},"end":{"line":64,"column":41}},"15":{"start":{"line":73,"column":6},"end":{"line":73,"column":12}},"16":{"start":{"line":75,"column":2},"end":{"line":75,"column":44}},"17":{"start":{"line":75,"column":29},"end":{"line":75,"column":44}},"18":{"start":{"line":76,"column":2},"end":{"line":78,"column":3}},"19":{"start":{"line":77,"column":4},"end":{"line":77,"column":47}},"20":{"start":{"line":80,"column":2},"end":{"line":80,"column":15}}},"fnMap":{"0":{"name":"noop","decl":{"start":{"line":16,"column":16},"end":{"line":16,"column":20}},"loc":{"start":{"line":16,"column":23},"end":{"line":16,"column":25}},"line":16},"1":{"name":"isFunction","decl":{"start":{"line":22,"column":16},"end":{"line":22,"column":26}},"loc":{"start":{"line":22,"column":32},"end":{"line":22,"column":67}},"line":22},"2":{"name":"isEvent","decl":{"start":{"line":33,"column":16},"end":{"line":33,"column":23}},"loc":{"start":{"line":33,"column":50},"end":{"line":55,"column":1}},"line":33},"3":{"name":"getValueOfEvent","decl":{"start":{"line":61,"column":16},"end":{"line":61,"column":31}},"loc":{"start":{"line":61,"column":35},"end":{"line":81,"column":1}},"line":61}},"branchMap":{"0":{"loc":{"start":{"line":33,"column":41},"end":{"line":33,"column":48}},"type":"default-arg","locations":[{"start":{"line":33,"column":47},"end":{"line":33,"column":48}}],"line":33},"1":{"loc":{"start":{"line":34,"column":2},"end":{"line":34,"column":48}},"type":"if","locations":[{"start":{"line":34,"column":2},"end":{"line":34,"column":48}},{"start":{"line":34,"column":2},"end":{"line":34,"column":48}}],"line":34},"2":{"loc":{"start":{"line":34,"column":6},"end":{"line":34,"column":33}},"type":"binary-expr","locations":[{"start":{"line":34,"column":6},"end":{"line":34,"column":8}},{"start":{"line":34,"column":12},"end":{"line":34,"column":33}}],"line":34},"3":{"loc":{"start":{"line":46,"column":34},"end":{"line":46,"column":65}},"type":"binary-expr","locations":[{"start":{"line":46,"column":34},"end":{"line":46,"column":45}},{"start":{"line":46,"column":49},"end":{"line":46,"column":65}}],"line":46},"4":{"loc":{"start":{"line":49,"column":4},"end":{"line":51,"column":5}},"type":"if","locations":[{"start":{"line":49,"column":4},"end":{"line":51,"column":5}},{"start":{"line":49,"column":4},"end":{"line":51,"column":5}}],"line":49},"5":{"loc":{"start":{"line":62,"column":29},"end":{"line":62,"column":36}},"type":"binary-expr","locations":[{"start":{"line":62,"column":29},"end":{"line":62,"column":30}},{"start":{"line":62,"column":34},"end":{"line":62,"column":36}}],"line":62},"6":{"loc":{"start":{"line":63,"column":18},"end":{"line":63,"column":34}},"type":"binary-expr","locations":[{"start":{"line":63,"column":18},"end":{"line":63,"column":24}},{"start":{"line":63,"column":28},"end":{"line":63,"column":34}}],"line":63},"7":{"loc":{"start":{"line":64,"column":2},"end":{"line":64,"column":41}},"type":"if","locations":[{"start":{"line":64,"column":2},"end":{"line":64,"column":41}},{"start":{"line":64,"column":2},"end":{"line":64,"column":41}}],"line":64},"8":{"loc":{"start":{"line":75,"column":2},"end":{"line":75,"column":44}},"type":"if","locations":[{"start":{"line":75,"column":2},"end":{"line":75,"column":44}},{"start":{"line":75,"column":2},"end":{"line":75,"column":44}}],"line":75},"9":{"loc":{"start":{"line":76,"column":2},"end":{"line":78,"column":3}},"type":"if","locations":[{"start":{"line":76,"column":2},"end":{"line":78,"column":3}},{"start":{"line":76,"column":2},"end":{"line":78,"column":3}}],"line":76}},"s":{"0":10,"1":1,"2":11,"3":0,"4":11,"5":11,"6":11,"7":11,"8":17,"9":3,"10":11,"11":1,"12":1,"13":1,"14":0,"15":1,"16":1,"17":0,"18":1,"19":0,"20":1},"f":{"0":0,"1":10,"2":11,"3":1},"b":{"0":[11],"1":[0,11],"2":[11,11],"3":[11,11],"4":[3,14],"5":[1,0],"6":[1,0],"7":[0,1],"8":[0,1],"9":[0,1]},"_coverageSchema":"43e27e138ebf9cfc5966b082cf9a028302ed4184","hash":"eef3260de562e26dede40443ba36e3580ab9c2c4"}
}
