TN:
SF:D:\FrontModules\t-store\src\createState.js
FN:18,createState
FN:22,getValue
FN:31,update
FN:37,subscribe
FN:47,unSubscribe
FN:48,(anonymous_5)
FN:56,notify
FN:57,(anonymous_7)
FN:60,(anonymous_8)
FNF:9
FNH:9
FNDA:6,createState
FNDA:11,getValue
FNDA:5,update
FNDA:4,subscribe
FNDA:8,unSubscribe
FNDA:1,(anonymous_5)
FNDA:5,notify
FNDA:4,(anonymous_7)
FNDA:6,(anonymous_8)
DA:19,6
DA:20,6
DA:23,11
DA:24,11
DA:25,1
DA:28,11
DA:32,5
DA:33,5
DA:34,5
DA:38,4
DA:39,4
DA:41,4
DA:44,0
DA:48,8
DA:49,1
DA:50,1
DA:51,1
DA:57,5
DA:60,6
DA:61,6
DA:62,4
DA:65,4
DA:66,4
DA:69,2
LF:24
LH:23
BRDA:24,0,0,1
BRDA:24,0,1,10
BRDA:28,1,0,10
BRDA:28,1,1,1
BRDA:38,2,0,4
BRDA:38,2,1,0
BRDA:50,3,0,1
BRDA:50,3,1,0
BRDA:61,4,0,4
BRDA:61,4,1,2
BRF:10
BRH:8
end_of_record
TN:
SF:D:\FrontModules\t-store\src\index.js
FNF:0
FNH:0
LF:0
LH:0
BRF:0
BRH:0
end_of_record
TN:
SF:D:\FrontModules\t-store\src\utils.js
FN:16,noop
FN:22,isFunction
FN:33,isEvent
FN:61,getValueOfEvent
FNF:4
FNH:3
FNDA:0,noop
FNDA:10,isFunction
FNDA:11,isEvent
FNDA:1,getValueOfEvent
DA:22,10
DA:25,1
DA:34,11
DA:36,11
DA:46,11
DA:47,11
DA:48,11
DA:49,17
DA:50,3
DA:54,11
DA:62,1
DA:63,1
DA:64,1
DA:73,1
DA:75,1
DA:76,1
DA:77,0
DA:80,1
LF:18
LH:17
BRDA:33,0,0,11
BRDA:34,1,0,0
BRDA:34,1,1,11
BRDA:34,2,0,11
BRDA:34,2,1,11
BRDA:46,3,0,11
BRDA:46,3,1,11
BRDA:49,4,0,3
BRDA:49,4,1,14
BRDA:62,5,0,1
BRDA:62,5,1,0
BRDA:63,6,0,1
BRDA:63,6,1,0
BRDA:64,7,0,0
BRDA:64,7,1,1
BRDA:75,8,0,0
BRDA:75,8,1,1
BRDA:76,9,0,0
BRDA:76,9,1,1
BRF:19
BRH:13
end_of_record
